<?xml version="1.0" encoding="UTF-8"?>
<testsuite xmlns:xsi="http://www.w3.org/2001/XMLSchema-instance" xsi:noNamespaceSchemaLocation="https://maven.apache.org/surefire/maven-surefire-plugin/xsd/surefire-test-report.xsd" name="TestSuite" time="252.432" tests="40" errors="0" skipped="0" failures="1">
  <properties>
    <property name="java.specification.version" value="16"/>
    <property name="sun.cpu.isalist" value="amd64"/>
    <property name="sun.jnu.encoding" value="Cp1252"/>
    <property name="java.class.path" value="E:\MindTree\Learning\SDET\Milestones\CA\Selenium\bigsmallproject\target\test-classes;E:\MindTree\Learning\SDET\Milestones\CA\Selenium\bigsmallproject\target\classes;C:\Users\Ram\.m2\repository\junit\junit\4.11\junit-4.11.jar;C:\Users\Ram\.m2\repository\org\hamcrest\hamcrest-core\1.3\hamcrest-core-1.3.jar;C:\Users\Ram\.m2\repository\org\seleniumhq\selenium\selenium-java\3.141.59\selenium-java-3.141.59.jar;C:\Users\Ram\.m2\repository\org\seleniumhq\selenium\selenium-api\3.141.59\selenium-api-3.141.59.jar;C:\Users\Ram\.m2\repository\org\seleniumhq\selenium\selenium-chrome-driver\3.141.59\selenium-chrome-driver-3.141.59.jar;C:\Users\Ram\.m2\repository\org\seleniumhq\selenium\selenium-edge-driver\3.141.59\selenium-edge-driver-3.141.59.jar;C:\Users\Ram\.m2\repository\org\seleniumhq\selenium\selenium-firefox-driver\3.141.59\selenium-firefox-driver-3.141.59.jar;C:\Users\Ram\.m2\repository\org\seleniumhq\selenium\selenium-ie-driver\3.141.59\selenium-ie-driver-3.141.59.jar;C:\Users\Ram\.m2\repository\org\seleniumhq\selenium\selenium-opera-driver\3.141.59\selenium-opera-driver-3.141.59.jar;C:\Users\Ram\.m2\repository\org\seleniumhq\selenium\selenium-remote-driver\3.141.59\selenium-remote-driver-3.141.59.jar;C:\Users\Ram\.m2\repository\org\seleniumhq\selenium\selenium-safari-driver\3.141.59\selenium-safari-driver-3.141.59.jar;C:\Users\Ram\.m2\repository\org\seleniumhq\selenium\selenium-support\3.141.59\selenium-support-3.141.59.jar;C:\Users\Ram\.m2\repository\net\bytebuddy\byte-buddy\1.8.15\byte-buddy-1.8.15.jar;C:\Users\Ram\.m2\repository\org\apache\commons\commons-exec\1.3\commons-exec-1.3.jar;C:\Users\Ram\.m2\repository\com\google\guava\guava\25.0-jre\guava-25.0-jre.jar;C:\Users\Ram\.m2\repository\com\google\code\findbugs\jsr305\1.3.9\jsr305-1.3.9.jar;C:\Users\Ram\.m2\repository\org\checkerframework\checker-compat-qual\2.0.0\checker-compat-qual-2.0.0.jar;C:\Users\Ram\.m2\repository\com\google\errorprone\error_prone_annotations\2.1.3\error_prone_annotations-2.1.3.jar;C:\Users\Ram\.m2\repository\com\google\j2objc\j2objc-annotations\1.1\j2objc-annotations-1.1.jar;C:\Users\Ram\.m2\repository\org\codehaus\mojo\animal-sniffer-annotations\1.14\animal-sniffer-annotations-1.14.jar;C:\Users\Ram\.m2\repository\com\squareup\okhttp3\okhttp\3.11.0\okhttp-3.11.0.jar;C:\Users\Ram\.m2\repository\com\squareup\okio\okio\1.14.0\okio-1.14.0.jar;C:\Users\Ram\.m2\repository\org\testng\testng\7.4.0\testng-7.4.0.jar;C:\Users\Ram\.m2\repository\com\beust\jcommander\1.78\jcommander-1.78.jar;C:\Users\Ram\.m2\repository\org\webjars\jquery\3.5.1\jquery-3.5.1.jar;C:\Users\Ram\.m2\repository\org\apache\logging\log4j\log4j-api\2.5\log4j-api-2.5.jar;C:\Users\Ram\.m2\repository\org\apache\logging\log4j\log4j-core\2.5\log4j-core-2.5.jar;C:\Users\Ram\.m2\repository\commons-io\commons-io\2.7\commons-io-2.7.jar;C:\Users\Ram\.m2\repository\com\relevantcodes\extentreports\2.41.2\extentreports-2.41.2.jar;C:\Users\Ram\.m2\repository\org\jsoup\jsoup\1.8.3\jsoup-1.8.3.jar;C:\Users\Ram\.m2\repository\org\xerial\sqlite-jdbc\3.8.11.1\sqlite-jdbc-3.8.11.1.jar;C:\Users\Ram\.m2\repository\org\freemarker\freemarker\2.3.23\freemarker-2.3.23.jar;C:\Users\Ram\.m2\repository\org\mongodb\mongodb-driver\3.0.4\mongodb-driver-3.0.4.jar;C:\Users\Ram\.m2\repository\org\mongodb\bson\3.0.4\bson-3.0.4.jar;C:\Users\Ram\.m2\repository\org\mongodb\mongodb-driver-core\3.0.4\mongodb-driver-core-3.0.4.jar;C:\Users\Ram\.m2\repository\org\apache\poi\poi\3.17\poi-3.17.jar;C:\Users\Ram\.m2\repository\commons-codec\commons-codec\1.10\commons-codec-1.10.jar;C:\Users\Ram\.m2\repository\org\apache\commons\commons-collections4\4.1\commons-collections4-4.1.jar;C:\Users\Ram\.m2\repository\org\apache\poi\poi-ooxml\3.17\poi-ooxml-3.17.jar;C:\Users\Ram\.m2\repository\org\apache\poi\poi-ooxml-schemas\3.17\poi-ooxml-schemas-3.17.jar;C:\Users\Ram\.m2\repository\org\apache\xmlbeans\xmlbeans\2.6.0\xmlbeans-2.6.0.jar;C:\Users\Ram\.m2\repository\stax\stax-api\1.0.1\stax-api-1.0.1.jar;C:\Users\Ram\.m2\repository\com\github\virtuald\curvesapi\1.04\curvesapi-1.04.jar;"/>
    <property name="java.vm.vendor" value="Oracle Corporation"/>
    <property name="sun.arch.data.model" value="64"/>
    <property name="user.variant" value=""/>
    <property name="java.vendor.url" value="https://java.oracle.com/"/>
    <property name="user.timezone" value="Asia/Calcutta"/>
    <property name="os.name" value="Windows 10"/>
    <property name="java.vm.specification.version" value="16"/>
    <property name="sun.java.launcher" value="SUN_STANDARD"/>
    <property name="user.country" value="IN"/>
    <property name="sun.boot.library.path" value="C:\Users\Ram\.p2\pool\plugins\org.eclipse.justj.openjdk.hotspot.jre.full.win32.x86_64_16.0.2.v20210721-1149\jre\bin"/>
    <property name="sun.java.command" value="C:\Users\Ram\AppData\Local\Temp\surefire14410039341527801143\surefirebooter11792017855370467007.jar C:\Users\Ram\AppData\Local\Temp\surefire14410039341527801143 2021-11-21T00-40-17_967-jvmRun1 surefire66255820130031928tmp surefire_011897982646913529687tmp"/>
    <property name="jdk.debug" value="release"/>
    <property name="surefire.test.class.path" value="E:\MindTree\Learning\SDET\Milestones\CA\Selenium\bigsmallproject\target\test-classes;E:\MindTree\Learning\SDET\Milestones\CA\Selenium\bigsmallproject\target\classes;C:\Users\Ram\.m2\repository\junit\junit\4.11\junit-4.11.jar;C:\Users\Ram\.m2\repository\org\hamcrest\hamcrest-core\1.3\hamcrest-core-1.3.jar;C:\Users\Ram\.m2\repository\org\seleniumhq\selenium\selenium-java\3.141.59\selenium-java-3.141.59.jar;C:\Users\Ram\.m2\repository\org\seleniumhq\selenium\selenium-api\3.141.59\selenium-api-3.141.59.jar;C:\Users\Ram\.m2\repository\org\seleniumhq\selenium\selenium-chrome-driver\3.141.59\selenium-chrome-driver-3.141.59.jar;C:\Users\Ram\.m2\repository\org\seleniumhq\selenium\selenium-edge-driver\3.141.59\selenium-edge-driver-3.141.59.jar;C:\Users\Ram\.m2\repository\org\seleniumhq\selenium\selenium-firefox-driver\3.141.59\selenium-firefox-driver-3.141.59.jar;C:\Users\Ram\.m2\repository\org\seleniumhq\selenium\selenium-ie-driver\3.141.59\selenium-ie-driver-3.141.59.jar;C:\Users\Ram\.m2\repository\org\seleniumhq\selenium\selenium-opera-driver\3.141.59\selenium-opera-driver-3.141.59.jar;C:\Users\Ram\.m2\repository\org\seleniumhq\selenium\selenium-remote-driver\3.141.59\selenium-remote-driver-3.141.59.jar;C:\Users\Ram\.m2\repository\org\seleniumhq\selenium\selenium-safari-driver\3.141.59\selenium-safari-driver-3.141.59.jar;C:\Users\Ram\.m2\repository\org\seleniumhq\selenium\selenium-support\3.141.59\selenium-support-3.141.59.jar;C:\Users\Ram\.m2\repository\net\bytebuddy\byte-buddy\1.8.15\byte-buddy-1.8.15.jar;C:\Users\Ram\.m2\repository\org\apache\commons\commons-exec\1.3\commons-exec-1.3.jar;C:\Users\Ram\.m2\repository\com\google\guava\guava\25.0-jre\guava-25.0-jre.jar;C:\Users\Ram\.m2\repository\com\google\code\findbugs\jsr305\1.3.9\jsr305-1.3.9.jar;C:\Users\Ram\.m2\repository\org\checkerframework\checker-compat-qual\2.0.0\checker-compat-qual-2.0.0.jar;C:\Users\Ram\.m2\repository\com\google\errorprone\error_prone_annotations\2.1.3\error_prone_annotations-2.1.3.jar;C:\Users\Ram\.m2\repository\com\google\j2objc\j2objc-annotations\1.1\j2objc-annotations-1.1.jar;C:\Users\Ram\.m2\repository\org\codehaus\mojo\animal-sniffer-annotations\1.14\animal-sniffer-annotations-1.14.jar;C:\Users\Ram\.m2\repository\com\squareup\okhttp3\okhttp\3.11.0\okhttp-3.11.0.jar;C:\Users\Ram\.m2\repository\com\squareup\okio\okio\1.14.0\okio-1.14.0.jar;C:\Users\Ram\.m2\repository\org\testng\testng\7.4.0\testng-7.4.0.jar;C:\Users\Ram\.m2\repository\com\beust\jcommander\1.78\jcommander-1.78.jar;C:\Users\Ram\.m2\repository\org\webjars\jquery\3.5.1\jquery-3.5.1.jar;C:\Users\Ram\.m2\repository\org\apache\logging\log4j\log4j-api\2.5\log4j-api-2.5.jar;C:\Users\Ram\.m2\repository\org\apache\logging\log4j\log4j-core\2.5\log4j-core-2.5.jar;C:\Users\Ram\.m2\repository\commons-io\commons-io\2.7\commons-io-2.7.jar;C:\Users\Ram\.m2\repository\com\relevantcodes\extentreports\2.41.2\extentreports-2.41.2.jar;C:\Users\Ram\.m2\repository\org\jsoup\jsoup\1.8.3\jsoup-1.8.3.jar;C:\Users\Ram\.m2\repository\org\xerial\sqlite-jdbc\3.8.11.1\sqlite-jdbc-3.8.11.1.jar;C:\Users\Ram\.m2\repository\org\freemarker\freemarker\2.3.23\freemarker-2.3.23.jar;C:\Users\Ram\.m2\repository\org\mongodb\mongodb-driver\3.0.4\mongodb-driver-3.0.4.jar;C:\Users\Ram\.m2\repository\org\mongodb\bson\3.0.4\bson-3.0.4.jar;C:\Users\Ram\.m2\repository\org\mongodb\mongodb-driver-core\3.0.4\mongodb-driver-core-3.0.4.jar;C:\Users\Ram\.m2\repository\org\apache\poi\poi\3.17\poi-3.17.jar;C:\Users\Ram\.m2\repository\commons-codec\commons-codec\1.10\commons-codec-1.10.jar;C:\Users\Ram\.m2\repository\org\apache\commons\commons-collections4\4.1\commons-collections4-4.1.jar;C:\Users\Ram\.m2\repository\org\apache\poi\poi-ooxml\3.17\poi-ooxml-3.17.jar;C:\Users\Ram\.m2\repository\org\apache\poi\poi-ooxml-schemas\3.17\poi-ooxml-schemas-3.17.jar;C:\Users\Ram\.m2\repository\org\apache\xmlbeans\xmlbeans\2.6.0\xmlbeans-2.6.0.jar;C:\Users\Ram\.m2\repository\stax\stax-api\1.0.1\stax-api-1.0.1.jar;C:\Users\Ram\.m2\repository\com\github\virtuald\curvesapi\1.04\curvesapi-1.04.jar;"/>
    <property name="sun.cpu.endian" value="little"/>
    <property name="user.home" value="C:\Users\Ram"/>
    <property name="user.language" value="en"/>
    <property name="java.specification.vendor" value="Oracle Corporation"/>
    <property name="java.version.date" value="2021-07-20"/>
    <property name="java.home" value="C:\Users\Ram\.p2\pool\plugins\org.eclipse.justj.openjdk.hotspot.jre.full.win32.x86_64_16.0.2.v20210721-1149\jre"/>
    <property name="file.separator" value="\"/>
    <property name="basedir" value="E:\MindTree\Learning\SDET\Milestones\CA\Selenium\bigsmallproject"/>
    <property name="java.vm.compressedOopsMode" value="32-bit"/>
    <property name="line.separator" value="&#10;"/>
    <property name="java.vm.specification.vendor" value="Oracle Corporation"/>
    <property name="java.specification.name" value="Java Platform API Specification"/>
    <property name="surefire.real.class.path" value="C:\Users\Ram\AppData\Local\Temp\surefire14410039341527801143\surefirebooter11792017855370467007.jar"/>
    <property name="user.script" value=""/>
    <property name="sun.management.compiler" value="HotSpot 64-Bit Tiered Compilers"/>
    <property name="java.runtime.version" value="16.0.2+7-67"/>
    <property name="user.name" value="Ram"/>
    <property name="path.separator" value=";"/>
    <property name="os.version" value="10.0"/>
    <property name="java.runtime.name" value="OpenJDK Runtime Environment"/>
    <property name="file.encoding" value="Cp1252"/>
    <property name="java.vm.name" value="OpenJDK 64-Bit Server VM"/>
    <property name="localRepository" value="C:\Users\Ram\.m2\repository"/>
    <property name="java.vendor.url.bug" value="https://bugreport.java.com/bugreport/"/>
    <property name="java.io.tmpdir" value="C:\Users\Ram\AppData\Local\Temp\"/>
    <property name="java.version" value="16.0.2"/>
    <property name="user.dir" value="E:\MindTree\Learning\SDET\Milestones\CA\Selenium\bigsmallproject"/>
    <property name="os.arch" value="amd64"/>
    <property name="java.vm.specification.name" value="Java Virtual Machine Specification"/>
    <property name="sun.os.patch.level" value=""/>
    <property name="java.library.path" value="C:\Users\Ram\.p2\pool\plugins\org.eclipse.justj.openjdk.hotspot.jre.full.win32.x86_64_16.0.2.v20210721-1149\jre\bin;C:\WINDOWS\Sun\Java\bin;C:\WINDOWS\system32;C:\WINDOWS;C:/Users/Ram/.p2/pool/plugins/org.eclipse.justj.openjdk.hotspot.jre.full.win32.x86_64_16.0.2.v20210721-1149/jre/bin/server;C:/Users/Ram/.p2/pool/plugins/org.eclipse.justj.openjdk.hotspot.jre.full.win32.x86_64_16.0.2.v20210721-1149/jre/bin;C:\ProgramData\Oracle\Java\javapath;C:\Program Files\Python37\Scripts\;C:\Program Files\Python37\;C:\WINDOWS\system32;C:\WINDOWS;C:\WINDOWS\System32\Wbem;C:\WINDOWS\System32\WindowsPowerShell\v1.0\;C:\WINDOWS\System32\OpenSSH\;C:\Program Files\Java\jdk1.8.0_211\bin;C:\Program Files (x86)\NVIDIA Corporation\PhysX\Common;C:\Program Files\NVIDIA Corporation\NVIDIA NvDLISR;C:\Program Files\Git\cmd;C:\Program Files\nodejs\;C:\Program Files\MongoDB\Server\4.2\bin;C:\WINDOWS\system32;C:\WINDOWS;C:\WINDOWS\System32\Wbem;C:\WINDOWS\System32\WindowsPowerShell\v1.0\;C:\WINDOWS\System32\OpenSSH\;C:\Users\Ram\AppData\Roaming\Python\Python37\Scripts;C:\Program Files\Notepad++;C:\Program Files\MySQL\MySQL Shell 8.0\bin\;C:\Users\Ram\AppData\Local\Microsoft\WindowsApps;C:\Users\Ram\AppData\Local\GitHubDesktop\bin;C:\Users\Ram\AppData\Roaming\npm;D:\study\Skill up\Microsoft VS Code\bin;E:\MindTree\Learning\SDET\Selenium Jars\apache-maven-3.8.2-bin\apache-maven-3.8.2\bin;;C:\WINDOWS\system32;;."/>
    <property name="java.vm.info" value="mixed mode"/>
    <property name="java.vendor" value="Oracle Corporation"/>
    <property name="java.vm.version" value="16.0.2+7-67"/>
    <property name="sun.io.unicode.encoding" value="UnicodeLittle"/>
    <property name="java.class.version" value="60.0"/>
  </properties>
  <testcase name="openUrl" classname="com.mindtree.runner.TC001_PlaceAOrder_CorporateGift" time="5.698"/>
  <testcase name="placeOrder_CorporateGift" classname="com.mindtree.runner.TC001_PlaceAOrder_CorporateGift" time="5.613"/>
  <testcase name="verify_placedOrder" classname="com.mindtree.runner.TC001_PlaceAOrder_CorporateGift" time="7.216">
    <failure message="no such element: Unable to locate element: {&quot;method&quot;:&quot;css selector&quot;,&quot;selector&quot;:&quot;p.note.form-success&quot;}&#10;  (Session info: chrome=96.0.4664.45)&#10;For documentation on this error, please visit: https://www.seleniumhq.org/exceptions/no_such_element.html&#10;Build info: version: &apos;3.141.59&apos;, revision: &apos;e82be7d358&apos;, time: &apos;2018-11-14T08:17:03&apos;&#10;System info: host: &apos;BRIAN&apos;, ip: &apos;192.168.29.160&apos;, os.name: &apos;Windows 10&apos;, os.arch: &apos;amd64&apos;, os.version: &apos;10.0&apos;, java.version: &apos;16.0.2&apos;&#10;Driver info: org.openqa.selenium.chrome.ChromeDriver&#10;Capabilities {acceptInsecureCerts: false, browserName: chrome, browserVersion: 96.0.4664.45, chrome: {chromedriverVersion: 96.0.4664.45 (76e4c1bb2ab46..., userDataDir: C:\Users\Ram\AppData\Local\...}, goog:chromeOptions: {debuggerAddress: localhost:56575}, javascriptEnabled: true, networkConnectionEnabled: false, pageLoadStrategy: normal, platform: WINDOWS, platformName: WINDOWS, proxy: Proxy(), setWindowRect: true, strictFileInteractability: false, timeouts: {implicit: 0, pageLoad: 300000, script: 30000}, unhandledPromptBehavior: dismiss and notify, webauthn:extension:credBlob: true, webauthn:extension:largeBlob: true, webauthn:virtualAuthenticators: true}&#10;Session ID: 0621e39f65270081077a461f4a74ae29&#10;*** Element info: {Using=css selector, value=p.note.form-success}" type="org.openqa.selenium.NoSuchElementException">org.openqa.selenium.NoSuchElementException: 
no such element: Unable to locate element: {"method":"css selector","selector":"p.note.form-success"}
  (Session info: chrome=96.0.4664.45)
For documentation on this error, please visit: https://www.seleniumhq.org/exceptions/no_such_element.html
Build info: version: '3.141.59', revision: 'e82be7d358', time: '2018-11-14T08:17:03'
System info: host: 'BRIAN', ip: '192.168.29.160', os.name: 'Windows 10', os.arch: 'amd64', os.version: '10.0', java.version: '16.0.2'
Driver info: org.openqa.selenium.chrome.ChromeDriver
Capabilities {acceptInsecureCerts: false, browserName: chrome, browserVersion: 96.0.4664.45, chrome: {chromedriverVersion: 96.0.4664.45 (76e4c1bb2ab46..., userDataDir: C:\Users\Ram\AppData\Local\...}, goog:chromeOptions: {debuggerAddress: localhost:56575}, javascriptEnabled: true, networkConnectionEnabled: false, pageLoadStrategy: normal, platform: WINDOWS, platformName: WINDOWS, proxy: Proxy(), setWindowRect: true, strictFileInteractability: false, timeouts: {implicit: 0, pageLoad: 300000, script: 30000}, unhandledPromptBehavior: dismiss and notify, webauthn:extension:credBlob: true, webauthn:extension:largeBlob: true, webauthn:virtualAuthenticators: true}
Session ID: 0621e39f65270081077a461f4a74ae29
*** Element info: {Using=css selector, value=p.note.form-success}
	at com.mindtree.runner.TC001_PlaceAOrder_CorporateGift.verify_placedOrder(TC001_PlaceAOrder_CorporateGift.java:58)
</failure>
    <system-out><![CDATA[21.11.2021 00:40:35,679 INFO  TC001_PlaceAOrder_CorporateGift:56 - Validating the success text...
verify_placedOrder Test Failed....
21.11.2021 00:40:42,876 INFO  ScreenShot:28 - Screen Shot Captured... Stored to .\SS\verify_placedOrder21-11-2021-12-40-42.png
]]></system-out>
  </testcase>
  <testcase name="openUrl" classname="com.mindtree.runner.TC002_PlaceAOrder_PersonalisedGift" time="5.359"/>
  <testcase name="selectGift_PersonalizedGift" classname="com.mindtree.runner.TC002_PlaceAOrder_PersonalisedGift" time="8.557"/>
  <testcase name="placeOrder_PersonalizedGift" classname="com.mindtree.runner.TC002_PlaceAOrder_PersonalisedGift" time="4.052"/>
  <testcase name="openUrl" classname="com.mindtree.runner.TC003_PlaceAOrder_BirthdayGift" time="6.127"/>
  <testcase name="selectGiftCateg_BirthdayGift" classname="com.mindtree.runner.TC003_PlaceAOrder_BirthdayGift" time="4.765"/>
  <testcase name="selectGift_Birthdaygift" classname="com.mindtree.runner.TC003_PlaceAOrder_BirthdayGift" time="2.985"/>
  <testcase name="placeOrder_Birthdaygift" classname="com.mindtree.runner.TC003_PlaceAOrder_BirthdayGift" time="0.533"/>
  <testcase name="openUrl" classname="com.mindtree.runner.TC004_PlaceAOrder_SearchAProduct" time="6.337"/>
  <testcase name="searchAGift" classname="com.mindtree.runner.TC004_PlaceAOrder_SearchAProduct" time="2.929"/>
  <testcase name="selecttheGift" classname="com.mindtree.runner.TC004_PlaceAOrder_SearchAProduct" time="3.45"/>
  <testcase name="addGiftToCart" classname="com.mindtree.runner.TC004_PlaceAOrder_SearchAProduct" time="0.501"/>
  <testcase name="openUrl" classname="com.mindtree.runner.TC001_WishList_AddToWishList" time="7.198"/>
  <testcase name="searchAGift" classname="com.mindtree.runner.TC001_WishList_AddToWishList" time="4.746"/>
  <testcase name="selecttheGift" classname="com.mindtree.runner.TC001_WishList_AddToWishList" time="2.717"/>
  <testcase name="addGiftToWishlist" classname="com.mindtree.runner.TC001_WishList_AddToWishList" time="0.963"/>
  <testcase name="validateWishList" classname="com.mindtree.runner.TC001_WishList_AddToWishList" time="4.265"/>
  <testcase name="openUrl" classname="com.mindtree.runner.TC002_WishList_RemoveFromWishList" time="7.238"/>
  <testcase name="searchAGift" classname="com.mindtree.runner.TC002_WishList_RemoveFromWishList" time="3.272"/>
  <testcase name="selecttheGift" classname="com.mindtree.runner.TC002_WishList_RemoveFromWishList" time="3.941"/>
  <testcase name="addGiftToWishlist" classname="com.mindtree.runner.TC002_WishList_RemoveFromWishList" time="0.661"/>
  <testcase name="removeGiftFromWishlist" classname="com.mindtree.runner.TC002_WishList_RemoveFromWishList" time="4.343"/>
  <testcase name="openUrl" classname="com.mindtree.runner.TC003_WishList_AddToCartFromWishList" time="8.424"/>
  <testcase name="searchAGift" classname="com.mindtree.runner.TC003_WishList_AddToCartFromWishList" time="3.349"/>
  <testcase name="selecttheGift" classname="com.mindtree.runner.TC003_WishList_AddToCartFromWishList" time="2.659"/>
  <testcase name="addGiftToWishlist" classname="com.mindtree.runner.TC003_WishList_AddToCartFromWishList" time="0.772"/>
  <testcase name="addToCartFromWishlist" classname="com.mindtree.runner.TC003_WishList_AddToCartFromWishList" time="6.629"/>
  <testcase name="openUrl" classname="com.mindtree.runner.TC001_Cart_CheckOut" time="6.311"/>
  <testcase name="selectGift" classname="com.mindtree.runner.TC001_Cart_CheckOut" time="6.562"/>
  <testcase name="addGiftToCart" classname="com.mindtree.runner.TC001_Cart_CheckOut" time="0.569"/>
  <testcase name="clickOnCheckOut" classname="com.mindtree.runner.TC001_Cart_CheckOut" time="2.028"/>
  <testcase name="fillInfo" classname="com.mindtree.runner.TC001_Cart_CheckOut" time="19.017"/>
  <testcase name="chooseShippingPay" classname="com.mindtree.runner.TC001_Cart_CheckOut" time="11.45"/>
  <testcase name="openUrl" classname="com.mindtree.runner.TC002_Cart_RemoveFromCart" time="6.474"/>
  <testcase name="selectGiftAddToCart" classname="com.mindtree.runner.TC002_Cart_RemoveFromCart" time="8.876"/>
  <testcase name="removeGift" classname="com.mindtree.runner.TC002_Cart_RemoveFromCart" time="2.733"/>
  <testcase name="openUrl" classname="com.mindtree.runner.TC001_GiftCard_BuyGiftCard" time="7.309"/>
  <testcase name="selectGiftCard" classname="com.mindtree.runner.TC001_GiftCard_BuyGiftCard" time="2.857"/>
</testsuite>