<?xml version="1.0" encoding="UTF-8"?>
<!-- Generated by org.testng.reporters.JUnitReportReporter -->
<testsuite hostname="Brian" failures="0" tests="4" name="com.mindtree.runner.TC003_PlaceAOrder_BirthdayGift" time="21.707" errors="0" timestamp="2021-11-20T22:10:33 IST" skipped="0">
  <testcase classname="com.mindtree.runner.TC003_PlaceAOrder_BirthdayGift" name="selectGift_Birthdaygift" time="2.822"/>
  <system-out/>
  <testcase classname="com.mindtree.runner.TC003_PlaceAOrder_BirthdayGift" name="placeOrder_Birthdaygift" time="1.007"/>
  <system-out/>
  <testcase classname="com.mindtree.runner.TC003_PlaceAOrder_BirthdayGift" name="openUrl" time="8.932"/>
  <system-out/>
  <testcase classname="com.mindtree.runner.TC003_PlaceAOrder_BirthdayGift" name="selectGiftCateg_BirthdayGift" time="8.946"/>
  <system-out/>
</testsuite> <!-- com.mindtree.runner.TC003_PlaceAOrder_BirthdayGift -->
