<?xml version="1.0" encoding="UTF-8"?>
<!-- Generated by org.testng.reporters.JUnitReportReporter -->
<testsuite hostname="Brian" failures="0" tests="5" name="com.mindtree.runner.TC001_WishList_AddToWishList" time="27.927" errors="0" timestamp="2021-11-20T22:10:33 IST" skipped="0">
  <testcase classname="com.mindtree.runner.TC001_WishList_AddToWishList" name="searchAGift" time="4.257"/>
  <system-out/>
  <testcase classname="com.mindtree.runner.TC001_WishList_AddToWishList" name="validateWishList" time="5.169"/>
  <system-out/>
  <testcase classname="com.mindtree.runner.TC001_WishList_AddToWishList" name="openUrl" time="13.076"/>
  <system-out/>
  <testcase classname="com.mindtree.runner.TC001_WishList_AddToWishList" name="addGiftToWishlist" time="1.179"/>
  <system-out/>
  <testcase classname="com.mindtree.runner.TC001_WishList_AddToWishList" name="selecttheGift" time="4.246"/>
  <system-out/>
</testsuite> <!-- com.mindtree.runner.TC001_WishList_AddToWishList -->
