<?xml version="1.0" encoding="UTF-8"?>
<!-- Generated by org.testng.reporters.JUnitReportReporter -->
<testsuite hostname="Brian" failures="0" tests="3" name="com.mindtree.runner.TC002_PlaceAOrder_PersonalisedGift" time="22.135" errors="0" timestamp="2021-11-20T22:10:33 IST" skipped="0">
  <testcase classname="com.mindtree.runner.TC002_PlaceAOrder_PersonalisedGift" name="placeOrder_PersonalizedGift" time="6.128"/>
  <system-out/>
  <testcase classname="com.mindtree.runner.TC002_PlaceAOrder_PersonalisedGift" name="openUrl" time="4.924"/>
  <system-out/>
  <testcase classname="com.mindtree.runner.TC002_PlaceAOrder_PersonalisedGift" name="selectGift_PersonalizedGift" time="11.083"/>
  <system-out/>
</testsuite> <!-- com.mindtree.runner.TC002_PlaceAOrder_PersonalisedGift -->
