<?xml version="1.0" encoding="UTF-8"?>
<!-- Generated by org.testng.reporters.JUnitReportReporter -->
<testsuite hostname="Brian" failures="0" tests="5" name="com.mindtree.runner.TC002_WishList_RemoveFromWishList" time="26.494" errors="0" timestamp="2021-11-20T22:10:33 IST" skipped="0">
  <testcase classname="com.mindtree.runner.TC002_WishList_RemoveFromWishList" name="openUrl" time="10.451"/>
  <system-out/>
  <testcase classname="com.mindtree.runner.TC002_WishList_RemoveFromWishList" name="selecttheGift" time="6.554"/>
  <system-out/>
  <testcase classname="com.mindtree.runner.TC002_WishList_RemoveFromWishList" name="removeGiftFromWishlist" time="5.036"/>
  <system-out/>
  <testcase classname="com.mindtree.runner.TC002_WishList_RemoveFromWishList" name="addGiftToWishlist" time="0.975"/>
  <system-out/>
  <testcase classname="com.mindtree.runner.TC002_WishList_RemoveFromWishList" name="searchAGift" time="3.478"/>
  <system-out/>
</testsuite> <!-- com.mindtree.runner.TC002_WishList_RemoveFromWishList -->
