<?xml version="1.0" encoding="UTF-8"?>
<!-- Generated by org.testng.reporters.JUnitReportReporter -->
<testsuite hostname="Brian" failures="0" tests="5" name="com.mindtree.runner.TC003_WishList_AddToCartFromWishList" time="32.171" errors="0" timestamp="2021-11-20T22:10:33 IST" skipped="0">
  <testcase classname="com.mindtree.runner.TC003_WishList_AddToCartFromWishList" name="addGiftToWishlist" time="2.280"/>
  <system-out/>
  <testcase classname="com.mindtree.runner.TC003_WishList_AddToCartFromWishList" name="selecttheGift" time="5.463"/>
  <system-out/>
  <testcase classname="com.mindtree.runner.TC003_WishList_AddToCartFromWishList" name="searchAGift" time="5.239"/>
  <system-out/>
  <testcase classname="com.mindtree.runner.TC003_WishList_AddToCartFromWishList" name="addToCartFromWishlist" time="9.618"/>
  <system-out/>
  <testcase classname="com.mindtree.runner.TC003_WishList_AddToCartFromWishList" name="openUrl" time="9.571"/>
  <system-out/>
</testsuite> <!-- com.mindtree.runner.TC003_WishList_AddToCartFromWishList -->
