<?xml version="1.0" encoding="UTF-8"?>
<!-- Generated by org.testng.reporters.JUnitReportReporter -->
<testsuite hostname="Brian" failures="0" tests="3" name="com.mindtree.runner.TC002_Cart_RemoveFromCart" time="22.608" errors="0" timestamp="2021-11-20T22:10:33 IST" skipped="0">
  <testcase classname="com.mindtree.runner.TC002_Cart_RemoveFromCart" name="removeGift" time="2.752"/>
  <system-out/>
  <testcase classname="com.mindtree.runner.TC002_Cart_RemoveFromCart" name="openUrl" time="9.979"/>
  <system-out/>
  <testcase classname="com.mindtree.runner.TC002_Cart_RemoveFromCart" name="selectGiftAddToCart" time="9.877"/>
  <system-out/>
</testsuite> <!-- com.mindtree.runner.TC002_Cart_RemoveFromCart -->
