<?xml version="1.0" encoding="UTF-8"?>
<!-- Generated by org.testng.reporters.JUnitReportReporter -->
<testsuite hostname="Brian" failures="0" tests="2" name="com.mindtree.runner.TC001_GiftCard_BuyGiftCard" time="13.135" errors="0" timestamp="2021-11-20T22:10:33 IST" skipped="0">
  <testcase classname="com.mindtree.runner.TC001_GiftCard_BuyGiftCard" name="selectGiftCard" time="4.606"/>
  <system-out/>
  <testcase classname="com.mindtree.runner.TC001_GiftCard_BuyGiftCard" name="openUrl" time="8.529"/>
  <system-out/>
</testsuite> <!-- com.mindtree.runner.TC001_GiftCard_BuyGiftCard -->
