<?xml version="1.0" encoding="UTF-8"?>
<!-- Generated by org.testng.reporters.JUnitReportReporter -->
<testsuite hostname="Brian" failures="0" tests="6" name="com.mindtree.runner.TC001_Cart_CheckOut" time="49.550" errors="0" timestamp="2021-11-20T22:10:33 IST" skipped="0">
  <testcase classname="com.mindtree.runner.TC001_Cart_CheckOut" name="selectGift" time="7.516"/>
  <system-out/>
  <testcase classname="com.mindtree.runner.TC001_Cart_CheckOut" name="fillInfo" time="18.911"/>
  <system-out/>
  <testcase classname="com.mindtree.runner.TC001_Cart_CheckOut" name="openUrl" time="7.678"/>
  <system-out/>
  <testcase classname="com.mindtree.runner.TC001_Cart_CheckOut" name="chooseShippingPay" time="13.248"/>
  <system-out/>
  <testcase classname="com.mindtree.runner.TC001_Cart_CheckOut" name="addGiftToCart" time="1.121"/>
  <system-out/>
  <testcase classname="com.mindtree.runner.TC001_Cart_CheckOut" name="clickOnCheckOut" time="1.076"/>
  <system-out/>
</testsuite> <!-- com.mindtree.runner.TC001_Cart_CheckOut -->
