<?xml version="1.0" encoding="UTF-8"?>
<!-- Generated by org.testng.reporters.JUnitReportReporter -->
<testsuite hostname="Brian" failures="0" tests="2" name="com.mindtree.runner.Runner" time="22.711" errors="0" timestamp="2021-11-17T13:22:17 IST" skipped="0">
  <testcase classname="com.mindtree.runner.Runner" name="pDummy" time="17.815"/>
  <system-out/>
  <testcase classname="com.mindtree.runner.Runner" name="openUrl" time="4.896"/>
  <system-out/>
</testsuite> <!-- com.mindtree.runner.Runner -->
