<?xml version="1.0" encoding="UTF-8"?>
<!-- Generated by org.testng.reporters.JUnitReportReporter -->
<testsuite hostname="Brian" failures="0" tests="4" name="com.mindtree.runner.TC004_PlaceAOrder_SearchAProduct" time="15.409" errors="0" timestamp="2021-11-20T22:10:33 IST" skipped="0">
  <testcase classname="com.mindtree.runner.TC004_PlaceAOrder_SearchAProduct" name="openUrl" time="6.314"/>
  <system-out/>
  <testcase classname="com.mindtree.runner.TC004_PlaceAOrder_SearchAProduct" name="searchAGift" time="3.734"/>
  <system-out/>
  <testcase classname="com.mindtree.runner.TC004_PlaceAOrder_SearchAProduct" name="selecttheGift" time="4.924"/>
  <system-out/>
  <testcase classname="com.mindtree.runner.TC004_PlaceAOrder_SearchAProduct" name="addGiftToCart" time="0.437"/>
  <system-out/>
</testsuite> <!-- com.mindtree.runner.TC004_PlaceAOrder_SearchAProduct -->
