<?xml version="1.0" encoding="UTF-8"?>
<!-- Generated by org.testng.reporters.JUnitReportReporter -->
<testsuite hostname="Brian" failures="0" tests="4" name="com.mindtree.runner.TC003_PlaceAOrder_BirthdayGift" time="14.411" errors="0" timestamp="2021-11-21T00:44:31 IST" skipped="0">
  <testcase classname="com.mindtree.runner.TC003_PlaceAOrder_BirthdayGift" name="placeOrder_Birthdaygift" time="0.534"/>
  <system-out/>
  <testcase classname="com.mindtree.runner.TC003_PlaceAOrder_BirthdayGift" name="openUrl" time="6.128"/>
  <system-out/>
  <testcase classname="com.mindtree.runner.TC003_PlaceAOrder_BirthdayGift" name="selectGiftCateg_BirthdayGift" time="4.767"/>
  <system-out/>
  <testcase classname="com.mindtree.runner.TC003_PlaceAOrder_BirthdayGift" name="selectGift_Birthdaygift" time="2.982"/>
  <system-out/>
</testsuite> <!-- com.mindtree.runner.TC003_PlaceAOrder_BirthdayGift -->
