<?xml version="1.0" encoding="UTF-8"?>
<!-- Generated by org.testng.reporters.JUnitReportReporter -->
<testsuite hostname="Brian" failures="0" tests="3" name="com.mindtree.runner.TC002_Cart_RemoveFromCart" time="18.081" errors="0" timestamp="2021-11-21T00:44:31 IST" skipped="0">
  <testcase classname="com.mindtree.runner.TC002_Cart_RemoveFromCart" name="selectGiftAddToCart" time="8.876"/>
  <system-out/>
  <testcase classname="com.mindtree.runner.TC002_Cart_RemoveFromCart" name="openUrl" time="6.473"/>
  <system-out/>
  <testcase classname="com.mindtree.runner.TC002_Cart_RemoveFromCart" name="removeGift" time="2.732"/>
  <system-out/>
</testsuite> <!-- com.mindtree.runner.TC002_Cart_RemoveFromCart -->
