<?xml version="1.0" encoding="UTF-8"?>
<!-- Generated by org.testng.reporters.JUnitReportReporter -->
<testsuite hostname="Brian" failures="0" tests="5" name="com.mindtree.runner.TC001_WishList_AddToWishList" time="19.888" errors="0" timestamp="2021-11-21T00:44:31 IST" skipped="0">
  <testcase classname="com.mindtree.runner.TC001_WishList_AddToWishList" name="selecttheGift" time="2.716"/>
  <system-out/>
  <testcase classname="com.mindtree.runner.TC001_WishList_AddToWishList" name="openUrl" time="7.197"/>
  <system-out/>
  <testcase classname="com.mindtree.runner.TC001_WishList_AddToWishList" name="searchAGift" time="4.746"/>
  <system-out/>
  <testcase classname="com.mindtree.runner.TC001_WishList_AddToWishList" name="addGiftToWishlist" time="0.964"/>
  <system-out/>
  <testcase classname="com.mindtree.runner.TC001_WishList_AddToWishList" name="validateWishList" time="4.265"/>
  <system-out/>
</testsuite> <!-- com.mindtree.runner.TC001_WishList_AddToWishList -->
