<?xml version="1.0" encoding="UTF-8"?>
<!-- Generated by org.testng.reporters.JUnitReportReporter -->
<testsuite hostname="Brian" failures="0" tests="3" name="com.mindtree.runner.TC002_PlaceAOrder_PersonalisedGift" time="17.966" errors="0" timestamp="2021-11-21T00:44:31 IST" skipped="0">
  <testcase classname="com.mindtree.runner.TC002_PlaceAOrder_PersonalisedGift" name="selectGift_PersonalizedGift" time="8.556"/>
  <system-out/>
  <testcase classname="com.mindtree.runner.TC002_PlaceAOrder_PersonalisedGift" name="placeOrder_PersonalizedGift" time="4.052"/>
  <system-out/>
  <testcase classname="com.mindtree.runner.TC002_PlaceAOrder_PersonalisedGift" name="openUrl" time="5.358"/>
  <system-out/>
</testsuite> <!-- com.mindtree.runner.TC002_PlaceAOrder_PersonalisedGift -->
