<?xml version="1.0" encoding="UTF-8"?>
<!-- Generated by org.testng.reporters.JUnitReportReporter -->
<testsuite hostname="Brian" failures="0" tests="5" name="com.mindtree.runner.TC002_WishList_RemoveFromWishList" time="19.449" errors="0" timestamp="2021-11-21T00:44:31 IST" skipped="0">
  <testcase classname="com.mindtree.runner.TC002_WishList_RemoveFromWishList" name="addGiftToWishlist" time="0.660"/>
  <system-out/>
  <testcase classname="com.mindtree.runner.TC002_WishList_RemoveFromWishList" name="selecttheGift" time="3.941"/>
  <system-out/>
  <testcase classname="com.mindtree.runner.TC002_WishList_RemoveFromWishList" name="removeGiftFromWishlist" time="4.340"/>
  <system-out/>
  <testcase classname="com.mindtree.runner.TC002_WishList_RemoveFromWishList" name="openUrl" time="7.237"/>
  <system-out/>
  <testcase classname="com.mindtree.runner.TC002_WishList_RemoveFromWishList" name="searchAGift" time="3.271"/>
  <system-out/>
</testsuite> <!-- com.mindtree.runner.TC002_WishList_RemoveFromWishList -->
