<?xml version="1.0" encoding="UTF-8"?>
<!-- Generated by org.testng.reporters.JUnitReportReporter -->
<testsuite hostname="Brian" failures="0" tests="5" name="com.mindtree.runner.TC003_WishList_AddToCartFromWishList" time="21.830" errors="0" timestamp="2021-11-21T00:44:31 IST" skipped="0">
  <testcase classname="com.mindtree.runner.TC003_WishList_AddToCartFromWishList" name="searchAGift" time="3.349"/>
  <system-out/>
  <testcase classname="com.mindtree.runner.TC003_WishList_AddToCartFromWishList" name="openUrl" time="8.423"/>
  <system-out/>
  <testcase classname="com.mindtree.runner.TC003_WishList_AddToCartFromWishList" name="selecttheGift" time="2.659"/>
  <system-out/>
  <testcase classname="com.mindtree.runner.TC003_WishList_AddToCartFromWishList" name="addToCartFromWishlist" time="6.627"/>
  <system-out/>
  <testcase classname="com.mindtree.runner.TC003_WishList_AddToCartFromWishList" name="addGiftToWishlist" time="0.772"/>
  <system-out/>
</testsuite> <!-- com.mindtree.runner.TC003_WishList_AddToCartFromWishList -->
