<?xml version="1.0" encoding="UTF-8"?>
<!-- Generated by org.testng.reporters.JUnitReportReporter -->
<testsuite hostname="Brian" failures="0" tests="4" name="com.mindtree.runner.TC004_PlaceAOrder_SearchAProduct" time="13.215" errors="0" timestamp="2021-11-21T00:44:31 IST" skipped="0">
  <testcase classname="com.mindtree.runner.TC004_PlaceAOrder_SearchAProduct" name="searchAGift" time="2.928"/>
  <system-out/>
  <testcase classname="com.mindtree.runner.TC004_PlaceAOrder_SearchAProduct" name="openUrl" time="6.338"/>
  <system-out/>
  <testcase classname="com.mindtree.runner.TC004_PlaceAOrder_SearchAProduct" name="addGiftToCart" time="0.502"/>
  <system-out/>
  <testcase classname="com.mindtree.runner.TC004_PlaceAOrder_SearchAProduct" name="selecttheGift" time="3.447"/>
  <system-out/>
</testsuite> <!-- com.mindtree.runner.TC004_PlaceAOrder_SearchAProduct -->
