<?xml version="1.0" encoding="UTF-8"?>
<!-- Generated by org.testng.reporters.JUnitReportReporter -->
<testsuite hostname="Brian" failures="0" tests="6" name="com.mindtree.runner.TC001_Cart_CheckOut" time="45.933" errors="0" timestamp="2021-11-21T00:44:31 IST" skipped="0">
  <testcase classname="com.mindtree.runner.TC001_Cart_CheckOut" name="openUrl" time="6.310"/>
  <system-out/>
  <testcase classname="com.mindtree.runner.TC001_Cart_CheckOut" name="chooseShippingPay" time="11.450"/>
  <system-out/>
  <testcase classname="com.mindtree.runner.TC001_Cart_CheckOut" name="fillInfo" time="19.016"/>
  <system-out/>
  <testcase classname="com.mindtree.runner.TC001_Cart_CheckOut" name="addGiftToCart" time="0.568"/>
  <system-out/>
  <testcase classname="com.mindtree.runner.TC001_Cart_CheckOut" name="clickOnCheckOut" time="2.027"/>
  <system-out/>
  <testcase classname="com.mindtree.runner.TC001_Cart_CheckOut" name="selectGift" time="6.562"/>
  <system-out/>
</testsuite> <!-- com.mindtree.runner.TC001_Cart_CheckOut -->
